<!DOCTYPE html PUBLIC "-//W3C//DTD XHTML 1.1//EN" "http://www.w3.org/TR/xhtml11/DTD/xhtml11.dtd">
<html xmlns="http://www.w3.org/1999/xhtml"><head><title>TestNG Report</title><style type="text/css">table {margin-bottom:10px;border-collapse:collapse;empty-cells:show}th,td {border:1px solid #009;padding:.25em .5em}th {vertical-align:bottom}td {vertical-align:top}table a {font-weight:bold}.stripe td {background-color: #E6EBF9}.num {text-align:right}.passedodd td {background-color: #3F3}.passedeven td {background-color: #0A0}.skippedodd td {background-color: #DDD}.skippedeven td {background-color: #CCC}.failedodd td,.attn {background-color: #F33}.failedeven td,.stripe .attn {background-color: #D00}.stacktrace {white-space:pre;font-family:monospace}.totop {font-size:85%;text-align:center;border-bottom:2px solid #000}</style></head><body><table><tr><th>Test</th><th># Passed</th><th># Skipped</th><th># Failed</th><th>Time (ms)</th><th>Included Groups</th><th>Excluded Groups</th></tr><tr><th colspan="7">XYZ Bank Test Suite</th></tr><tr><td><a href="#t0">XYZ Bank Test</a></td><td class="num">15</td><td class="num">0</td><td class="num attn">3</td><td class="num">223,652</td><td></td><td></td></tr></table><table id='summary'><thead><tr><th>Class</th><th>Method</th><th>Start</th><th>Time (ms)</th></tr></thead><tbody><tr><th colspan="4">XYZ Bank Test Suite</th></tr></tbody><tbody id="t0"><tr><th colspan="4">XYZ Bank Test &#8212; failed</th></tr><tr class="failedeven"><td rowspan="1">com.qa.xyz.testcases.InvalidAddCustomerTestCase</td><td><a href="#m0">validateAddCustomer</a></td><td rowspan="1">1709913197975</td><td rowspan="1">947</td></tr><tr class="failedodd"><td rowspan="1">com.qa.xyz.testcases.InvalidDepositTestCase</td><td><a href="#m1">validateDeposit</a></td><td rowspan="1">1709913267976</td><td rowspan="1">30838</td></tr><tr class="failedeven"><td rowspan="1">com.qa.xyz.testcases.InvalidWithdrawalTestCase</td><td><a href="#m2">validateDeposit</a></td><td rowspan="1">1709913225333</td><td rowspan="1">30968</td></tr><tr><th colspan="4">XYZ Bank Test &#8212; passed</th></tr><tr class="passedeven"><td rowspan="1">com.qa.xyz.testcases.CustomerLoginTestCase</td><td><a href="#m3">validateCustomerAcc</a></td><td rowspan="1">1709913189387</td><td rowspan="1">112</td></tr><tr class="passedodd"><td rowspan="1">com.qa.xyz.testcases.CustomersPageTestCase</td><td><a href="#m4">validateCustomerDetails</a></td><td rowspan="1">1709913175318</td><td rowspan="1">617</td></tr><tr class="passedeven"><td rowspan="3">com.qa.xyz.testcases.HomePageTestCase</td><td><a href="#m5">verifyBankManagerLoginTest</a></td><td rowspan="1">1709913375351</td><td rowspan="1">2278</td></tr><tr class="passedeven"><td><a href="#m6">verifyCustomerLoginTest</a></td><td rowspan="1">1709913326276</td><td rowspan="1">1301</td></tr><tr class="passedeven"><td><a href="#m7">verifyHomePageTitle</a></td><td rowspan="1">1709913210541</td><td rowspan="1">11</td></tr><tr class="passedodd"><td rowspan="1">com.qa.xyz.testcases.InvalidDepositTestCase</td><td><a href="#m8">verifyDepositRecord</a></td><td rowspan="1">1709913351895</td><td rowspan="1">627</td></tr><tr class="passedeven"><td rowspan="1">com.qa.xyz.testcases.InvalidWithdrawalTestCase</td><td><a href="#m9">verifyDepositRecord</a></td><td rowspan="1">1709913343210</td><td rowspan="1">775</td></tr><tr class="passedodd"><td rowspan="2">com.qa.xyz.testcases.TransactionTestCase</td><td><a href="#m10">verifyRecords</a></td><td rowspan="1">1709913334739</td><td rowspan="1">555</td></tr><tr class="passedodd"><td><a href="#m11">verifyTransactions</a></td><td rowspan="1">1709913217549</td><td rowspan="1">516</td></tr><tr class="passedeven"><td rowspan="1">com.qa.xyz.testcases.ValidAddCustomerTestCase</td><td><a href="#m12">validateAddCustomer</a></td><td rowspan="1">1709913205552</td><td rowspan="1">768</td></tr><tr class="passedodd"><td rowspan="2">com.qa.xyz.testcases.ValidDepositTestCase</td><td><a href="#m13">validateDeposit</a></td><td rowspan="1">1709913314473</td><td rowspan="1">632</td></tr><tr class="passedodd"><td><a href="#m14">verifyDepositRecord</a></td><td rowspan="1">1709913368601</td><td rowspan="1">607</td></tr><tr class="passedeven"><td rowspan="1">com.qa.xyz.testcases.ValidOpenAccTestCase</td><td><a href="#m15">validateOpenCustomer</a></td><td rowspan="1">1709913320874</td><td rowspan="1">1551</td></tr><tr class="passedodd"><td rowspan="2">com.qa.xyz.testcases.ValidWithdrawalTestCase</td><td><a href="#m16">validateWithdrawl</a></td><td rowspan="1">1709913306395</td><td rowspan="1">644</td></tr><tr class="passedodd"><td><a href="#m17">verifyWithdrawlRecord</a></td><td rowspan="1">1709913359358</td><td rowspan="1">636</td></tr></tbody></table><h2>XYZ Bank Test</h2><h3 id="m0">com.qa.xyz.testcases.InvalidAddCustomerTestCase#validateAddCustomer</h3><table class="result"><tr><th>Exception</th></tr><tr><td><div class="stacktrace">java.lang.AssertionError: expected [false] but found [true]
	at com.qa.xyz.testcases.InvalidAddCustomerTestCase.validateAddCustomer(InvalidAddCustomerTestCase.java:42)
... Removed 29 stack frames</div></td></tr></table><p class="totop"><a href="#summary">back to summary</a></p><h3 id="m1">com.qa.xyz.testcases.InvalidDepositTestCase#validateDeposit</h3><table class="result"><tr><th>Exception</th></tr><tr><td><div class="stacktrace">org.openqa.selenium.NoSuchElementException: no such element: Unable to locate element: {&quot;method&quot;:&quot;xpath&quot;,&quot;selector&quot;:&quot;//span[contains(text(),&apos;Deposit Successful&apos;)]&quot;}
  (Session info: chrome=122.0.6261.112)
For documentation on this error, please visit: http://seleniumhq.org/exceptions/no_such_element.html
Build info: version: &apos;3.14.0&apos;, revision: &apos;aacccce0&apos;, time: &apos;2018-08-02T20:19:58.91Z&apos;
System info: host: &apos;LAPTOP-M2DVE1SL&apos;, ip: &apos;192.168.1.5&apos;, os.name: &apos;Windows 11&apos;, os.arch: &apos;amd64&apos;, os.version: &apos;10.0&apos;, java.version: &apos;17.0.4.1&apos;
Driver info: org.openqa.selenium.chrome.ChromeDriver
Capabilities {acceptInsecureCerts: false, browserName: chrome, browserVersion: 122.0.6261.112, chrome: {chromedriverVersion: 122.0.6261.57 (87957e464700..., userDataDir: C:\Users\91630\AppData\Loca...}, fedcm:accounts: true, goog:chromeOptions: {debuggerAddress: localhost:59699}, javascriptEnabled: true, networkConnectionEnabled: false, pageLoadStrategy: normal, platform: WINDOWS, platformName: WINDOWS, proxy: Proxy(), setWindowRect: true, strictFileInteractability: false, timeouts: {implicit: 0, pageLoad: 300000, script: 30000}, unhandledPromptBehavior: dismiss and notify, webauthn:extension:credBlob: true, webauthn:extension:largeBlob: true, webauthn:extension:minPinLength: true, webauthn:extension:prf: true, webauthn:virtualAuthenticators: true}
Session ID: 37dfcd9990516f78e488137c32e89308
*** Element info: {Using=xpath, value=//span[contains(text(),&apos;Deposit Successful&apos;)]}
	at org.openqa.selenium.remote.http.W3CHttpResponseCodec.createException(W3CHttpResponseCodec.java:187)
	at org.openqa.selenium.remote.http.W3CHttpResponseCodec.decode(W3CHttpResponseCodec.java:122)
	at org.openqa.selenium.remote.http.W3CHttpResponseCodec.decode(W3CHttpResponseCodec.java:49)
	at org.openqa.selenium.remote.HttpCommandExecutor.execute(HttpCommandExecutor.java:158)
	at org.openqa.selenium.remote.service.DriverCommandExecutor.execute(DriverCommandExecutor.java:83)
	at org.openqa.selenium.remote.RemoteWebDriver.execute(RemoteWebDriver.java:548)
	at org.openqa.selenium.remote.RemoteWebDriver.findElement(RemoteWebDriver.java:322)
	at org.openqa.selenium.remote.RemoteWebDriver.findElementByXPath(RemoteWebDriver.java:424)
	at org.openqa.selenium.By$ByXPath.findElement(By.java:353)
	at org.openqa.selenium.remote.RemoteWebDriver.findElement(RemoteWebDriver.java:314)
	at org.openqa.selenium.support.events.EventFiringWebDriver.lambda$new$1(EventFiringWebDriver.java:105)
	at jdk.proxy2/jdk.proxy2.$Proxy10.findElement(Unknown Source)
	at org.openqa.selenium.support.events.EventFiringWebDriver.findElement(EventFiringWebDriver.java:194)
	at org.openqa.selenium.support.pagefactory.DefaultElementLocator.findElement(DefaultElementLocator.java:69)
	at org.openqa.selenium.support.pagefactory.internal.LocatingElementHandler.invoke(LocatingElementHandler.java:38)
	at jdk.proxy2/jdk.proxy2.$Proxy15.isDisplayed(Unknown Source)
	at com.qa.xyz.pages.DepositPage.success(DepositPage.java:49)
	at com.qa.xyz.testcases.InvalidDepositTestCase.validateDeposit(InvalidDepositTestCase.java:42)
... Removed 33 stack frames</div></td></tr></table><p class="totop"><a href="#summary">back to summary</a></p><h3 id="m2">com.qa.xyz.testcases.InvalidWithdrawalTestCase#validateDeposit</h3><table class="result"><tr><th>Exception</th></tr><tr><td><div class="stacktrace">org.openqa.selenium.NoSuchElementException: no such element: Unable to locate element: {&quot;method&quot;:&quot;xpath&quot;,&quot;selector&quot;:&quot;//span[contains(text(),&apos;Transaction successful&apos;)]&quot;}
  (Session info: chrome=122.0.6261.112)
For documentation on this error, please visit: http://seleniumhq.org/exceptions/no_such_element.html
Build info: version: &apos;3.14.0&apos;, revision: &apos;aacccce0&apos;, time: &apos;2018-08-02T20:19:58.91Z&apos;
System info: host: &apos;LAPTOP-M2DVE1SL&apos;, ip: &apos;192.168.1.5&apos;, os.name: &apos;Windows 11&apos;, os.arch: &apos;amd64&apos;, os.version: &apos;10.0&apos;, java.version: &apos;17.0.4.1&apos;
Driver info: org.openqa.selenium.chrome.ChromeDriver
Capabilities {acceptInsecureCerts: false, browserName: chrome, browserVersion: 122.0.6261.112, chrome: {chromedriverVersion: 122.0.6261.57 (87957e464700..., userDataDir: C:\Users\91630\AppData\Loca...}, fedcm:accounts: true, goog:chromeOptions: {debuggerAddress: localhost:59673}, javascriptEnabled: true, networkConnectionEnabled: false, pageLoadStrategy: normal, platform: WINDOWS, platformName: WINDOWS, proxy: Proxy(), setWindowRect: true, strictFileInteractability: false, timeouts: {implicit: 0, pageLoad: 300000, script: 30000}, unhandledPromptBehavior: dismiss and notify, webauthn:extension:credBlob: true, webauthn:extension:largeBlob: true, webauthn:extension:minPinLength: true, webauthn:extension:prf: true, webauthn:virtualAuthenticators: true}
Session ID: dd39bef0f68306c7808b958558e24c0b
*** Element info: {Using=xpath, value=//span[contains(text(),&apos;Transaction successful&apos;)]}
	at org.openqa.selenium.remote.http.W3CHttpResponseCodec.createException(W3CHttpResponseCodec.java:187)
	at org.openqa.selenium.remote.http.W3CHttpResponseCodec.decode(W3CHttpResponseCodec.java:122)
	at org.openqa.selenium.remote.http.W3CHttpResponseCodec.decode(W3CHttpResponseCodec.java:49)
	at org.openqa.selenium.remote.HttpCommandExecutor.execute(HttpCommandExecutor.java:158)
	at org.openqa.selenium.remote.service.DriverCommandExecutor.execute(DriverCommandExecutor.java:83)
	at org.openqa.selenium.remote.RemoteWebDriver.execute(RemoteWebDriver.java:548)
	at org.openqa.selenium.remote.RemoteWebDriver.findElement(RemoteWebDriver.java:322)
	at org.openqa.selenium.remote.RemoteWebDriver.findElementByXPath(RemoteWebDriver.java:424)
	at org.openqa.selenium.By$ByXPath.findElement(By.java:353)
	at org.openqa.selenium.remote.RemoteWebDriver.findElement(RemoteWebDriver.java:314)
	at org.openqa.selenium.support.events.EventFiringWebDriver.lambda$new$1(EventFiringWebDriver.java:105)
	at jdk.proxy2/jdk.proxy2.$Proxy10.findElement(Unknown Source)
	at org.openqa.selenium.support.events.EventFiringWebDriver.findElement(EventFiringWebDriver.java:194)
	at org.openqa.selenium.support.pagefactory.DefaultElementLocator.findElement(DefaultElementLocator.java:69)
	at org.openqa.selenium.support.pagefactory.internal.LocatingElementHandler.invoke(LocatingElementHandler.java:38)
	at jdk.proxy2/jdk.proxy2.$Proxy15.isDisplayed(Unknown Source)
	at com.qa.xyz.pages.withdrawalPage.successWithdraw(withdrawalPage.java:62)
	at com.qa.xyz.testcases.InvalidWithdrawalTestCase.validateDeposit(InvalidWithdrawalTestCase.java:43)
... Removed 33 stack frames</div></td></tr></table><p class="totop"><a href="#summary">back to summary</a></p><h3 id="m3">com.qa.xyz.testcases.CustomerLoginTestCase#validateCustomerAcc</h3><table class="result"></table><p class="totop"><a href="#summary">back to summary</a></p><h3 id="m4">com.qa.xyz.testcases.CustomersPageTestCase#validateCustomerDetails</h3><table class="result"></table><p class="totop"><a href="#summary">back to summary</a></p><h3 id="m5">com.qa.xyz.testcases.HomePageTestCase#verifyBankManagerLoginTest</h3><table class="result"></table><p class="totop"><a href="#summary">back to summary</a></p><h3 id="m6">com.qa.xyz.testcases.HomePageTestCase#verifyCustomerLoginTest</h3><table class="result"></table><p class="totop"><a href="#summary">back to summary</a></p><h3 id="m7">com.qa.xyz.testcases.HomePageTestCase#verifyHomePageTitle</h3><table class="result"></table><p class="totop"><a href="#summary">back to summary</a></p><h3 id="m8">com.qa.xyz.testcases.InvalidDepositTestCase#verifyDepositRecord</h3><table class="result"></table><p class="totop"><a href="#summary">back to summary</a></p><h3 id="m9">com.qa.xyz.testcases.InvalidWithdrawalTestCase#verifyDepositRecord</h3><table class="result"></table><p class="totop"><a href="#summary">back to summary</a></p><h3 id="m10">com.qa.xyz.testcases.TransactionTestCase#verifyRecords</h3><table class="result"></table><p class="totop"><a href="#summary">back to summary</a></p><h3 id="m11">com.qa.xyz.testcases.TransactionTestCase#verifyTransactions</h3><table class="result"></table><p class="totop"><a href="#summary">back to summary</a></p><h3 id="m12">com.qa.xyz.testcases.ValidAddCustomerTestCase#validateAddCustomer</h3><table class="result"></table><p class="totop"><a href="#summary">back to summary</a></p><h3 id="m13">com.qa.xyz.testcases.ValidDepositTestCase#validateDeposit</h3><table class="result"></table><p class="totop"><a href="#summary">back to summary</a></p><h3 id="m14">com.qa.xyz.testcases.ValidDepositTestCase#verifyDepositRecord</h3><table class="result"></table><p class="totop"><a href="#summary">back to summary</a></p><h3 id="m15">com.qa.xyz.testcases.ValidOpenAccTestCase#validateOpenCustomer</h3><table class="result"></table><p class="totop"><a href="#summary">back to summary</a></p><h3 id="m16">com.qa.xyz.testcases.ValidWithdrawalTestCase#validateWithdrawl</h3><table class="result"></table><p class="totop"><a href="#summary">back to summary</a></p><h3 id="m17">com.qa.xyz.testcases.ValidWithdrawalTestCase#verifyWithdrawlRecord</h3><table class="result"></table><p class="totop"><a href="#summary">back to summary</a></p></body></html>