<?xml version="1.0" encoding="UTF-8"?>
<testng-results ignored="0" total="18" passed="15" failed="3" skipped="0">
  <reporter-output>
  </reporter-output>
  <suite started-at="2024-03-08T15:52:34Z" name="XYZ Bank Test Suite" finished-at="2024-03-08T15:56:17Z" duration-ms="223652">
    <groups>
    </groups>
    <test started-at="2024-03-08T15:52:34Z" name="XYZ Bank Test" finished-at="2024-03-08T15:56:17Z" duration-ms="223652">
      <class name="com.qa.xyz.testcases.InvalidWithdrawalTestCase">
        <test-method is-config="true" signature="setUp()[pri:0, instance:com.qa.xyz.testcases.InvalidWithdrawalTestCase@3cc1435c]" started-at="2024-03-08T21:23:38Z" name="setUp" finished-at="2024-03-08T21:23:45Z" duration-ms="7079" status="PASS">
          <reporter-output>
          </reporter-output>
        </test-method> <!-- setUp -->
        <test-method signature="validateDeposit()[pri:1, instance:com.qa.xyz.testcases.InvalidWithdrawalTestCase@3cc1435c]" started-at="2024-03-08T21:23:45Z" name="validateDeposit" finished-at="2024-03-08T21:24:16Z" duration-ms="30968" status="FAIL">
          <exception class="org.openqa.selenium.NoSuchElementException">
            <message>
              <![CDATA[no such element: Unable to locate element: {"method":"xpath","selector":"//span[contains(text(),'Transaction successful')]"}
  (Session info: chrome=122.0.6261.112)
For documentation on this error, please visit: http://seleniumhq.org/exceptions/no_such_element.html
Build info: version: '3.14.0', revision: 'aacccce0', time: '2018-08-02T20:19:58.91Z'
System info: host: 'LAPTOP-M2DVE1SL', ip: '192.168.1.5', os.name: 'Windows 11', os.arch: 'amd64', os.version: '10.0', java.version: '17.0.4.1'
Driver info: org.openqa.selenium.chrome.ChromeDriver
Capabilities {acceptInsecureCerts: false, browserName: chrome, browserVersion: 122.0.6261.112, chrome: {chromedriverVersion: 122.0.6261.57 (87957e464700..., userDataDir: C:\Users\91630\AppData\Loca...}, fedcm:accounts: true, goog:chromeOptions: {debuggerAddress: localhost:59673}, javascriptEnabled: true, networkConnectionEnabled: false, pageLoadStrategy: normal, platform: WINDOWS, platformName: WINDOWS, proxy: Proxy(), setWindowRect: true, strictFileInteractability: false, timeouts: {implicit: 0, pageLoad: 300000, script: 30000}, unhandledPromptBehavior: dismiss and notify, webauthn:extension:credBlob: true, webauthn:extension:largeBlob: true, webauthn:extension:minPinLength: true, webauthn:extension:prf: true, webauthn:virtualAuthenticators: true}
Session ID: dd39bef0f68306c7808b958558e24c0b
*** Element info: {Using=xpath, value=//span[contains(text(),'Transaction successful')]}]]>
            </message>
            <full-stacktrace>
              <![CDATA[org.openqa.selenium.NoSuchElementException: no such element: Unable to locate element: {"method":"xpath","selector":"//span[contains(text(),'Transaction successful')]"}
  (Session info: chrome=122.0.6261.112)
For documentation on this error, please visit: http://seleniumhq.org/exceptions/no_such_element.html
Build info: version: '3.14.0', revision: 'aacccce0', time: '2018-08-02T20:19:58.91Z'
System info: host: 'LAPTOP-M2DVE1SL', ip: '192.168.1.5', os.name: 'Windows 11', os.arch: 'amd64', os.version: '10.0', java.version: '17.0.4.1'
Driver info: org.openqa.selenium.chrome.ChromeDriver
Capabilities {acceptInsecureCerts: false, browserName: chrome, browserVersion: 122.0.6261.112, chrome: {chromedriverVersion: 122.0.6261.57 (87957e464700..., userDataDir: C:\Users\91630\AppData\Loca...}, fedcm:accounts: true, goog:chromeOptions: {debuggerAddress: localhost:59673}, javascriptEnabled: true, networkConnectionEnabled: false, pageLoadStrategy: normal, platform: WINDOWS, platformName: WINDOWS, proxy: Proxy(), setWindowRect: true, strictFileInteractability: false, timeouts: {implicit: 0, pageLoad: 300000, script: 30000}, unhandledPromptBehavior: dismiss and notify, webauthn:extension:credBlob: true, webauthn:extension:largeBlob: true, webauthn:extension:minPinLength: true, webauthn:extension:prf: true, webauthn:virtualAuthenticators: true}
Session ID: dd39bef0f68306c7808b958558e24c0b
*** Element info: {Using=xpath, value=//span[contains(text(),'Transaction successful')]}
	at java.base/jdk.internal.reflect.NativeConstructorAccessorImpl.newInstance0(Native Method)
	at java.base/jdk.internal.reflect.NativeConstructorAccessorImpl.newInstance(NativeConstructorAccessorImpl.java:77)
	at java.base/jdk.internal.reflect.DelegatingConstructorAccessorImpl.newInstance(DelegatingConstructorAccessorImpl.java:45)
	at java.base/java.lang.reflect.Constructor.newInstanceWithCaller(Constructor.java:499)
	at java.base/java.lang.reflect.Constructor.newInstance(Constructor.java:480)
	at org.openqa.selenium.remote.http.W3CHttpResponseCodec.createException(W3CHttpResponseCodec.java:187)
	at org.openqa.selenium.remote.http.W3CHttpResponseCodec.decode(W3CHttpResponseCodec.java:122)
	at org.openqa.selenium.remote.http.W3CHttpResponseCodec.decode(W3CHttpResponseCodec.java:49)
	at org.openqa.selenium.remote.HttpCommandExecutor.execute(HttpCommandExecutor.java:158)
	at org.openqa.selenium.remote.service.DriverCommandExecutor.execute(DriverCommandExecutor.java:83)
	at org.openqa.selenium.remote.RemoteWebDriver.execute(RemoteWebDriver.java:548)
	at org.openqa.selenium.remote.RemoteWebDriver.findElement(RemoteWebDriver.java:322)
	at org.openqa.selenium.remote.RemoteWebDriver.findElementByXPath(RemoteWebDriver.java:424)
	at org.openqa.selenium.By$ByXPath.findElement(By.java:353)
	at org.openqa.selenium.remote.RemoteWebDriver.findElement(RemoteWebDriver.java:314)
	at jdk.internal.reflect.GeneratedMethodAccessor5.invoke(Unknown Source)
	at java.base/jdk.internal.reflect.DelegatingMethodAccessorImpl.invoke(DelegatingMethodAccessorImpl.java:43)
	at java.base/java.lang.reflect.Method.invoke(Method.java:568)
	at org.openqa.selenium.support.events.EventFiringWebDriver.lambda$new$1(EventFiringWebDriver.java:105)
	at jdk.proxy2/jdk.proxy2.$Proxy10.findElement(Unknown Source)
	at org.openqa.selenium.support.events.EventFiringWebDriver.findElement(EventFiringWebDriver.java:194)
	at org.openqa.selenium.support.pagefactory.DefaultElementLocator.findElement(DefaultElementLocator.java:69)
	at org.openqa.selenium.support.pagefactory.internal.LocatingElementHandler.invoke(LocatingElementHandler.java:38)
	at jdk.proxy2/jdk.proxy2.$Proxy15.isDisplayed(Unknown Source)
	at com.qa.xyz.pages.withdrawalPage.successWithdraw(withdrawalPage.java:62)
	at com.qa.xyz.testcases.InvalidWithdrawalTestCase.validateDeposit(InvalidWithdrawalTestCase.java:43)
	at java.base/jdk.internal.reflect.NativeMethodAccessorImpl.invoke0(Native Method)
	at java.base/jdk.internal.reflect.NativeMethodAccessorImpl.invoke(NativeMethodAccessorImpl.java:77)
	at java.base/jdk.internal.reflect.DelegatingMethodAccessorImpl.invoke(DelegatingMethodAccessorImpl.java:43)
	at java.base/java.lang.reflect.Method.invoke(Method.java:568)
	at org.testng.internal.MethodInvocationHelper.invokeMethod(MethodInvocationHelper.java:108)
	at org.testng.internal.Invoker.invokeMethod(Invoker.java:661)
	at org.testng.internal.Invoker.invokeTestMethod(Invoker.java:869)
	at org.testng.internal.Invoker.invokeTestMethods(Invoker.java:1193)
	at org.testng.internal.TestMethodWorker.invokeTestMethods(TestMethodWorker.java:126)
	at org.testng.internal.TestMethodWorker.run(TestMethodWorker.java:109)
	at org.testng.TestRunner.privateRun(TestRunner.java:744)
	at org.testng.TestRunner.run(TestRunner.java:602)
	at org.testng.SuiteRunner.runTest(SuiteRunner.java:380)
	at org.testng.SuiteRunner.runSequentially(SuiteRunner.java:375)
	at org.testng.SuiteRunner.privateRun(SuiteRunner.java:340)
	at org.testng.SuiteRunner.run(SuiteRunner.java:289)
	at org.testng.SuiteRunnerWorker.runSuite(SuiteRunnerWorker.java:52)
	at org.testng.SuiteRunnerWorker.run(SuiteRunnerWorker.java:86)
	at org.testng.TestNG.runSuitesSequentially(TestNG.java:1301)
	at org.testng.TestNG.runSuitesLocally(TestNG.java:1226)
	at org.testng.TestNG.runSuites(TestNG.java:1144)
	at org.testng.TestNG.run(TestNG.java:1115)
	at org.testng.remote.AbstractRemoteTestNG.run(AbstractRemoteTestNG.java:115)
	at org.testng.remote.RemoteTestNG.initAndRun(RemoteTestNG.java:251)
	at org.testng.remote.RemoteTestNG.main(RemoteTestNG.java:77)
]]>
            </full-stacktrace>
          </exception> <!-- org.openqa.selenium.NoSuchElementException -->
          <reporter-output>
          </reporter-output>
        </test-method> <!-- validateDeposit -->
        <test-method is-config="true" signature="tearDown()[pri:0, instance:com.qa.xyz.testcases.InvalidWithdrawalTestCase@3cc1435c]" started-at="2024-03-08T21:24:16Z" name="tearDown" finished-at="2024-03-08T21:24:16Z" duration-ms="286" status="PASS">
          <reporter-output>
          </reporter-output>
        </test-method> <!-- tearDown -->
        <test-method is-config="true" signature="setUp()[pri:0, instance:com.qa.xyz.testcases.InvalidWithdrawalTestCase@3cc1435c]" started-at="2024-03-08T21:25:35Z" name="setUp" finished-at="2024-03-08T21:25:43Z" duration-ms="7700" status="PASS">
          <reporter-output>
          </reporter-output>
        </test-method> <!-- setUp -->
        <test-method signature="verifyDepositRecord()[pri:2, instance:com.qa.xyz.testcases.InvalidWithdrawalTestCase@3cc1435c]" started-at="2024-03-08T21:25:43Z" name="verifyDepositRecord" finished-at="2024-03-08T21:25:43Z" duration-ms="775" status="PASS">
          <reporter-output>
          </reporter-output>
        </test-method> <!-- verifyDepositRecord -->
        <test-method is-config="true" signature="tearDown()[pri:0, instance:com.qa.xyz.testcases.InvalidWithdrawalTestCase@3cc1435c]" started-at="2024-03-08T21:25:43Z" name="tearDown" finished-at="2024-03-08T21:25:44Z" duration-ms="217" status="PASS">
          <reporter-output>
          </reporter-output>
        </test-method> <!-- tearDown -->
      </class> <!-- com.qa.xyz.testcases.InvalidWithdrawalTestCase -->
      <class name="com.qa.xyz.testcases.CustomersPageTestCase">
        <test-method is-config="true" signature="setUp()[pri:0, instance:com.qa.xyz.testcases.CustomersPageTestCase@574b560f]" started-at="2024-03-08T21:22:34Z" name="setUp" finished-at="2024-03-08T21:22:55Z" duration-ms="20957" status="PASS">
          <reporter-output>
          </reporter-output>
        </test-method> <!-- setUp -->
        <test-method signature="validateCustomerDetails()[pri:0, instance:com.qa.xyz.testcases.CustomersPageTestCase@574b560f]" started-at="2024-03-08T21:22:55Z" name="validateCustomerDetails" finished-at="2024-03-08T21:22:55Z" duration-ms="617" status="PASS">
          <reporter-output>
          </reporter-output>
        </test-method> <!-- validateCustomerDetails -->
        <test-method is-config="true" signature="tearDown()[pri:0, instance:com.qa.xyz.testcases.CustomersPageTestCase@574b560f]" started-at="2024-03-08T21:22:55Z" name="tearDown" finished-at="2024-03-08T21:22:56Z" duration-ms="584" status="PASS">
          <reporter-output>
          </reporter-output>
        </test-method> <!-- tearDown -->
      </class> <!-- com.qa.xyz.testcases.CustomersPageTestCase -->
      <class name="com.qa.xyz.testcases.ValidOpenAccTestCase">
        <test-method is-config="true" signature="setUp()[pri:0, instance:com.qa.xyz.testcases.ValidOpenAccTestCase@28975c28]" started-at="2024-03-08T21:25:15Z" name="setUp" finished-at="2024-03-08T21:25:20Z" duration-ms="5525" status="PASS">
          <reporter-output>
          </reporter-output>
        </test-method> <!-- setUp -->
        <test-method signature="validateOpenCustomer()[pri:1, instance:com.qa.xyz.testcases.ValidOpenAccTestCase@28975c28]" started-at="2024-03-08T21:25:20Z" name="validateOpenCustomer" finished-at="2024-03-08T21:25:22Z" duration-ms="1551" status="PASS">
          <reporter-output>
          </reporter-output>
        </test-method> <!-- validateOpenCustomer -->
        <test-method is-config="true" signature="tearDown()[pri:0, instance:com.qa.xyz.testcases.ValidOpenAccTestCase@28975c28]" started-at="2024-03-08T21:25:22Z" name="tearDown" finished-at="2024-03-08T21:25:22Z" duration-ms="243" status="PASS">
          <reporter-output>
          </reporter-output>
        </test-method> <!-- tearDown -->
      </class> <!-- com.qa.xyz.testcases.ValidOpenAccTestCase -->
      <class name="com.qa.xyz.testcases.InvalidAddCustomerTestCase">
        <test-method is-config="true" signature="setUp()[pri:0, instance:com.qa.xyz.testcases.InvalidAddCustomerTestCase@236e3f4e]" started-at="2024-03-08T21:23:09Z" name="setUp" finished-at="2024-03-08T21:23:17Z" duration-ms="8215" status="PASS">
          <reporter-output>
          </reporter-output>
        </test-method> <!-- setUp -->
        <test-method signature="validateAddCustomer()[pri:0, instance:com.qa.xyz.testcases.InvalidAddCustomerTestCase@236e3f4e]" started-at="2024-03-08T21:23:17Z" name="validateAddCustomer" finished-at="2024-03-08T21:23:18Z" duration-ms="947" status="FAIL">
          <exception class="java.lang.AssertionError">
            <message>
              <![CDATA[expected [false] but found [true]]]>
            </message>
            <full-stacktrace>
              <![CDATA[java.lang.AssertionError: expected [false] but found [true]
	at org.testng.Assert.fail(Assert.java:93)
	at org.testng.Assert.failNotEquals(Assert.java:512)
	at org.testng.Assert.assertFalse(Assert.java:62)
	at org.testng.Assert.assertFalse(Assert.java:72)
	at com.qa.xyz.testcases.InvalidAddCustomerTestCase.validateAddCustomer(InvalidAddCustomerTestCase.java:42)
	at java.base/jdk.internal.reflect.NativeMethodAccessorImpl.invoke0(Native Method)
	at java.base/jdk.internal.reflect.NativeMethodAccessorImpl.invoke(NativeMethodAccessorImpl.java:77)
	at java.base/jdk.internal.reflect.DelegatingMethodAccessorImpl.invoke(DelegatingMethodAccessorImpl.java:43)
	at java.base/java.lang.reflect.Method.invoke(Method.java:568)
	at org.testng.internal.MethodInvocationHelper.invokeMethod(MethodInvocationHelper.java:108)
	at org.testng.internal.Invoker.invokeMethod(Invoker.java:661)
	at org.testng.internal.Invoker.invokeTestMethod(Invoker.java:869)
	at org.testng.internal.Invoker.invokeTestMethods(Invoker.java:1193)
	at org.testng.internal.TestMethodWorker.invokeTestMethods(TestMethodWorker.java:126)
	at org.testng.internal.TestMethodWorker.run(TestMethodWorker.java:109)
	at org.testng.TestRunner.privateRun(TestRunner.java:744)
	at org.testng.TestRunner.run(TestRunner.java:602)
	at org.testng.SuiteRunner.runTest(SuiteRunner.java:380)
	at org.testng.SuiteRunner.runSequentially(SuiteRunner.java:375)
	at org.testng.SuiteRunner.privateRun(SuiteRunner.java:340)
	at org.testng.SuiteRunner.run(SuiteRunner.java:289)
	at org.testng.SuiteRunnerWorker.runSuite(SuiteRunnerWorker.java:52)
	at org.testng.SuiteRunnerWorker.run(SuiteRunnerWorker.java:86)
	at org.testng.TestNG.runSuitesSequentially(TestNG.java:1301)
	at org.testng.TestNG.runSuitesLocally(TestNG.java:1226)
	at org.testng.TestNG.runSuites(TestNG.java:1144)
	at org.testng.TestNG.run(TestNG.java:1115)
	at org.testng.remote.AbstractRemoteTestNG.run(AbstractRemoteTestNG.java:115)
	at org.testng.remote.RemoteTestNG.initAndRun(RemoteTestNG.java:251)
	at org.testng.remote.RemoteTestNG.main(RemoteTestNG.java:77)
]]>
            </full-stacktrace>
          </exception> <!-- java.lang.AssertionError -->
          <reporter-output>
          </reporter-output>
        </test-method> <!-- validateAddCustomer -->
        <test-method is-config="true" signature="tearDown()[pri:0, instance:com.qa.xyz.testcases.InvalidAddCustomerTestCase@236e3f4e]" started-at="2024-03-08T21:23:18Z" name="tearDown" finished-at="2024-03-08T21:23:19Z" duration-ms="345" status="PASS">
          <reporter-output>
          </reporter-output>
        </test-method> <!-- tearDown -->
      </class> <!-- com.qa.xyz.testcases.InvalidAddCustomerTestCase -->
      <class name="com.qa.xyz.testcases.ValidDepositTestCase">
        <test-method is-config="true" signature="setUp()[pri:0, instance:com.qa.xyz.testcases.ValidDepositTestCase@71c3b41]" started-at="2024-03-08T21:25:07Z" name="setUp" finished-at="2024-03-08T21:25:14Z" duration-ms="7201" status="PASS">
          <reporter-output>
          </reporter-output>
        </test-method> <!-- setUp -->
        <test-method signature="validateDeposit()[pri:1, instance:com.qa.xyz.testcases.ValidDepositTestCase@71c3b41]" started-at="2024-03-08T21:25:14Z" name="validateDeposit" finished-at="2024-03-08T21:25:15Z" duration-ms="632" status="PASS">
          <reporter-output>
          </reporter-output>
        </test-method> <!-- validateDeposit -->
        <test-method is-config="true" signature="tearDown()[pri:0, instance:com.qa.xyz.testcases.ValidDepositTestCase@71c3b41]" started-at="2024-03-08T21:25:15Z" name="tearDown" finished-at="2024-03-08T21:25:15Z" duration-ms="242" status="PASS">
          <reporter-output>
          </reporter-output>
        </test-method> <!-- tearDown -->
        <test-method is-config="true" signature="setUp()[pri:0, instance:com.qa.xyz.testcases.ValidDepositTestCase@71c3b41]" started-at="2024-03-08T21:26:00Z" name="setUp" finished-at="2024-03-08T21:26:08Z" duration-ms="8166" status="PASS">
          <reporter-output>
          </reporter-output>
        </test-method> <!-- setUp -->
        <test-method signature="verifyDepositRecord()[pri:2, instance:com.qa.xyz.testcases.ValidDepositTestCase@71c3b41]" started-at="2024-03-08T21:26:08Z" name="verifyDepositRecord" finished-at="2024-03-08T21:26:09Z" duration-ms="607" status="PASS">
          <reporter-output>
          </reporter-output>
        </test-method> <!-- verifyDepositRecord -->
        <test-method is-config="true" signature="tearDown()[pri:0, instance:com.qa.xyz.testcases.ValidDepositTestCase@71c3b41]" started-at="2024-03-08T21:26:09Z" name="tearDown" finished-at="2024-03-08T21:26:09Z" duration-ms="282" status="PASS">
          <reporter-output>
          </reporter-output>
        </test-method> <!-- tearDown -->
      </class> <!-- com.qa.xyz.testcases.ValidDepositTestCase -->
      <class name="com.qa.xyz.testcases.ValidWithdrawalTestCase">
        <test-method is-config="true" signature="setUp()[pri:0, instance:com.qa.xyz.testcases.ValidWithdrawalTestCase@6bf0219d]" started-at="2024-03-08T21:24:59Z" name="setUp" finished-at="2024-03-08T21:25:06Z" duration-ms="7315" status="PASS">
          <reporter-output>
          </reporter-output>
        </test-method> <!-- setUp -->
        <test-method signature="validateWithdrawl()[pri:1, instance:com.qa.xyz.testcases.ValidWithdrawalTestCase@6bf0219d]" started-at="2024-03-08T21:25:06Z" name="validateWithdrawl" finished-at="2024-03-08T21:25:07Z" duration-ms="644" status="PASS">
          <reporter-output>
          </reporter-output>
        </test-method> <!-- validateWithdrawl -->
        <test-method is-config="true" signature="tearDown()[pri:0, instance:com.qa.xyz.testcases.ValidWithdrawalTestCase@6bf0219d]" started-at="2024-03-08T21:25:07Z" name="tearDown" finished-at="2024-03-08T21:25:07Z" duration-ms="230" status="PASS">
          <reporter-output>
          </reporter-output>
        </test-method> <!-- tearDown -->
        <test-method is-config="true" signature="setUp()[pri:0, instance:com.qa.xyz.testcases.ValidWithdrawalTestCase@6bf0219d]" started-at="2024-03-08T21:25:52Z" name="setUp" finished-at="2024-03-08T21:25:59Z" duration-ms="6598" status="PASS">
          <reporter-output>
          </reporter-output>
        </test-method> <!-- setUp -->
        <test-method signature="verifyWithdrawlRecord()[pri:2, instance:com.qa.xyz.testcases.ValidWithdrawalTestCase@6bf0219d]" started-at="2024-03-08T21:25:59Z" name="verifyWithdrawlRecord" finished-at="2024-03-08T21:25:59Z" duration-ms="636" status="PASS">
          <reporter-output>
          </reporter-output>
        </test-method> <!-- verifyWithdrawlRecord -->
        <test-method is-config="true" signature="tearDown()[pri:0, instance:com.qa.xyz.testcases.ValidWithdrawalTestCase@6bf0219d]" started-at="2024-03-08T21:25:59Z" name="tearDown" finished-at="2024-03-08T21:26:00Z" duration-ms="439" status="PASS">
          <reporter-output>
          </reporter-output>
        </test-method> <!-- tearDown -->
      </class> <!-- com.qa.xyz.testcases.ValidWithdrawalTestCase -->
      <class name="com.qa.xyz.testcases.CustomerLoginTestCase">
        <test-method is-config="true" signature="setUp()[pri:0, instance:com.qa.xyz.testcases.CustomerLoginTestCase@3943a2be]" started-at="2024-03-08T21:22:56Z" name="setUp" finished-at="2024-03-08T21:23:09Z" duration-ms="12864" status="PASS">
          <reporter-output>
          </reporter-output>
        </test-method> <!-- setUp -->
        <test-method signature="validateCustomerAcc()[pri:0, instance:com.qa.xyz.testcases.CustomerLoginTestCase@3943a2be]" started-at="2024-03-08T21:23:09Z" name="validateCustomerAcc" finished-at="2024-03-08T21:23:09Z" duration-ms="112" status="PASS">
          <reporter-output>
          </reporter-output>
        </test-method> <!-- validateCustomerAcc -->
        <test-method is-config="true" signature="tearDown()[pri:0, instance:com.qa.xyz.testcases.CustomerLoginTestCase@3943a2be]" started-at="2024-03-08T21:23:09Z" name="tearDown" finished-at="2024-03-08T21:23:09Z" duration-ms="256" status="PASS">
          <reporter-output>
          </reporter-output>
        </test-method> <!-- tearDown -->
      </class> <!-- com.qa.xyz.testcases.CustomerLoginTestCase -->
      <class name="com.qa.xyz.testcases.InvalidDepositTestCase">
        <test-method is-config="true" signature="setUp()[pri:0, instance:com.qa.xyz.testcases.InvalidDepositTestCase@157853da]" started-at="2024-03-08T21:24:16Z" name="setUp" finished-at="2024-03-08T21:24:27Z" duration-ms="11385" status="PASS">
          <reporter-output>
          </reporter-output>
        </test-method> <!-- setUp -->
        <test-method signature="validateDeposit()[pri:1, instance:com.qa.xyz.testcases.InvalidDepositTestCase@157853da]" started-at="2024-03-08T21:24:27Z" name="validateDeposit" finished-at="2024-03-08T21:24:58Z" duration-ms="30838" status="FAIL">
          <exception class="org.openqa.selenium.NoSuchElementException">
            <message>
              <![CDATA[no such element: Unable to locate element: {"method":"xpath","selector":"//span[contains(text(),'Deposit Successful')]"}
  (Session info: chrome=122.0.6261.112)
For documentation on this error, please visit: http://seleniumhq.org/exceptions/no_such_element.html
Build info: version: '3.14.0', revision: 'aacccce0', time: '2018-08-02T20:19:58.91Z'
System info: host: 'LAPTOP-M2DVE1SL', ip: '192.168.1.5', os.name: 'Windows 11', os.arch: 'amd64', os.version: '10.0', java.version: '17.0.4.1'
Driver info: org.openqa.selenium.chrome.ChromeDriver
Capabilities {acceptInsecureCerts: false, browserName: chrome, browserVersion: 122.0.6261.112, chrome: {chromedriverVersion: 122.0.6261.57 (87957e464700..., userDataDir: C:\Users\91630\AppData\Loca...}, fedcm:accounts: true, goog:chromeOptions: {debuggerAddress: localhost:59699}, javascriptEnabled: true, networkConnectionEnabled: false, pageLoadStrategy: normal, platform: WINDOWS, platformName: WINDOWS, proxy: Proxy(), setWindowRect: true, strictFileInteractability: false, timeouts: {implicit: 0, pageLoad: 300000, script: 30000}, unhandledPromptBehavior: dismiss and notify, webauthn:extension:credBlob: true, webauthn:extension:largeBlob: true, webauthn:extension:minPinLength: true, webauthn:extension:prf: true, webauthn:virtualAuthenticators: true}
Session ID: 37dfcd9990516f78e488137c32e89308
*** Element info: {Using=xpath, value=//span[contains(text(),'Deposit Successful')]}]]>
            </message>
            <full-stacktrace>
              <![CDATA[org.openqa.selenium.NoSuchElementException: no such element: Unable to locate element: {"method":"xpath","selector":"//span[contains(text(),'Deposit Successful')]"}
  (Session info: chrome=122.0.6261.112)
For documentation on this error, please visit: http://seleniumhq.org/exceptions/no_such_element.html
Build info: version: '3.14.0', revision: 'aacccce0', time: '2018-08-02T20:19:58.91Z'
System info: host: 'LAPTOP-M2DVE1SL', ip: '192.168.1.5', os.name: 'Windows 11', os.arch: 'amd64', os.version: '10.0', java.version: '17.0.4.1'
Driver info: org.openqa.selenium.chrome.ChromeDriver
Capabilities {acceptInsecureCerts: false, browserName: chrome, browserVersion: 122.0.6261.112, chrome: {chromedriverVersion: 122.0.6261.57 (87957e464700..., userDataDir: C:\Users\91630\AppData\Loca...}, fedcm:accounts: true, goog:chromeOptions: {debuggerAddress: localhost:59699}, javascriptEnabled: true, networkConnectionEnabled: false, pageLoadStrategy: normal, platform: WINDOWS, platformName: WINDOWS, proxy: Proxy(), setWindowRect: true, strictFileInteractability: false, timeouts: {implicit: 0, pageLoad: 300000, script: 30000}, unhandledPromptBehavior: dismiss and notify, webauthn:extension:credBlob: true, webauthn:extension:largeBlob: true, webauthn:extension:minPinLength: true, webauthn:extension:prf: true, webauthn:virtualAuthenticators: true}
Session ID: 37dfcd9990516f78e488137c32e89308
*** Element info: {Using=xpath, value=//span[contains(text(),'Deposit Successful')]}
	at java.base/jdk.internal.reflect.NativeConstructorAccessorImpl.newInstance0(Native Method)
	at java.base/jdk.internal.reflect.NativeConstructorAccessorImpl.newInstance(NativeConstructorAccessorImpl.java:77)
	at java.base/jdk.internal.reflect.DelegatingConstructorAccessorImpl.newInstance(DelegatingConstructorAccessorImpl.java:45)
	at java.base/java.lang.reflect.Constructor.newInstanceWithCaller(Constructor.java:499)
	at java.base/java.lang.reflect.Constructor.newInstance(Constructor.java:480)
	at org.openqa.selenium.remote.http.W3CHttpResponseCodec.createException(W3CHttpResponseCodec.java:187)
	at org.openqa.selenium.remote.http.W3CHttpResponseCodec.decode(W3CHttpResponseCodec.java:122)
	at org.openqa.selenium.remote.http.W3CHttpResponseCodec.decode(W3CHttpResponseCodec.java:49)
	at org.openqa.selenium.remote.HttpCommandExecutor.execute(HttpCommandExecutor.java:158)
	at org.openqa.selenium.remote.service.DriverCommandExecutor.execute(DriverCommandExecutor.java:83)
	at org.openqa.selenium.remote.RemoteWebDriver.execute(RemoteWebDriver.java:548)
	at org.openqa.selenium.remote.RemoteWebDriver.findElement(RemoteWebDriver.java:322)
	at org.openqa.selenium.remote.RemoteWebDriver.findElementByXPath(RemoteWebDriver.java:424)
	at org.openqa.selenium.By$ByXPath.findElement(By.java:353)
	at org.openqa.selenium.remote.RemoteWebDriver.findElement(RemoteWebDriver.java:314)
	at jdk.internal.reflect.GeneratedMethodAccessor5.invoke(Unknown Source)
	at java.base/jdk.internal.reflect.DelegatingMethodAccessorImpl.invoke(DelegatingMethodAccessorImpl.java:43)
	at java.base/java.lang.reflect.Method.invoke(Method.java:568)
	at org.openqa.selenium.support.events.EventFiringWebDriver.lambda$new$1(EventFiringWebDriver.java:105)
	at jdk.proxy2/jdk.proxy2.$Proxy10.findElement(Unknown Source)
	at org.openqa.selenium.support.events.EventFiringWebDriver.findElement(EventFiringWebDriver.java:194)
	at org.openqa.selenium.support.pagefactory.DefaultElementLocator.findElement(DefaultElementLocator.java:69)
	at org.openqa.selenium.support.pagefactory.internal.LocatingElementHandler.invoke(LocatingElementHandler.java:38)
	at jdk.proxy2/jdk.proxy2.$Proxy15.isDisplayed(Unknown Source)
	at com.qa.xyz.pages.DepositPage.success(DepositPage.java:49)
	at com.qa.xyz.testcases.InvalidDepositTestCase.validateDeposit(InvalidDepositTestCase.java:42)
	at java.base/jdk.internal.reflect.NativeMethodAccessorImpl.invoke0(Native Method)
	at java.base/jdk.internal.reflect.NativeMethodAccessorImpl.invoke(NativeMethodAccessorImpl.java:77)
	at java.base/jdk.internal.reflect.DelegatingMethodAccessorImpl.invoke(DelegatingMethodAccessorImpl.java:43)
	at java.base/java.lang.reflect.Method.invoke(Method.java:568)
	at org.testng.internal.MethodInvocationHelper.invokeMethod(MethodInvocationHelper.java:108)
	at org.testng.internal.Invoker.invokeMethod(Invoker.java:661)
	at org.testng.internal.Invoker.invokeTestMethod(Invoker.java:869)
	at org.testng.internal.Invoker.invokeTestMethods(Invoker.java:1193)
	at org.testng.internal.TestMethodWorker.invokeTestMethods(TestMethodWorker.java:126)
	at org.testng.internal.TestMethodWorker.run(TestMethodWorker.java:109)
	at org.testng.TestRunner.privateRun(TestRunner.java:744)
	at org.testng.TestRunner.run(TestRunner.java:602)
	at org.testng.SuiteRunner.runTest(SuiteRunner.java:380)
	at org.testng.SuiteRunner.runSequentially(SuiteRunner.java:375)
	at org.testng.SuiteRunner.privateRun(SuiteRunner.java:340)
	at org.testng.SuiteRunner.run(SuiteRunner.java:289)
	at org.testng.SuiteRunnerWorker.runSuite(SuiteRunnerWorker.java:52)
	at org.testng.SuiteRunnerWorker.run(SuiteRunnerWorker.java:86)
	at org.testng.TestNG.runSuitesSequentially(TestNG.java:1301)
	at org.testng.TestNG.runSuitesLocally(TestNG.java:1226)
	at org.testng.TestNG.runSuites(TestNG.java:1144)
	at org.testng.TestNG.run(TestNG.java:1115)
	at org.testng.remote.AbstractRemoteTestNG.run(AbstractRemoteTestNG.java:115)
	at org.testng.remote.RemoteTestNG.initAndRun(RemoteTestNG.java:251)
	at org.testng.remote.RemoteTestNG.main(RemoteTestNG.java:77)
]]>
            </full-stacktrace>
          </exception> <!-- org.openqa.selenium.NoSuchElementException -->
          <reporter-output>
          </reporter-output>
        </test-method> <!-- validateDeposit -->
        <test-method is-config="true" signature="tearDown()[pri:0, instance:com.qa.xyz.testcases.InvalidDepositTestCase@157853da]" started-at="2024-03-08T21:24:58Z" name="tearDown" finished-at="2024-03-08T21:24:59Z" duration-ms="265" status="PASS">
          <reporter-output>
          </reporter-output>
        </test-method> <!-- tearDown -->
        <test-method is-config="true" signature="setUp()[pri:0, instance:com.qa.xyz.testcases.InvalidDepositTestCase@157853da]" started-at="2024-03-08T21:25:44Z" name="setUp" finished-at="2024-03-08T21:25:51Z" duration-ms="7692" status="PASS">
          <reporter-output>
          </reporter-output>
        </test-method> <!-- setUp -->
        <test-method signature="verifyDepositRecord()[pri:2, instance:com.qa.xyz.testcases.InvalidDepositTestCase@157853da]" started-at="2024-03-08T21:25:51Z" name="verifyDepositRecord" finished-at="2024-03-08T21:25:52Z" duration-ms="627" status="PASS">
          <reporter-output>
          </reporter-output>
        </test-method> <!-- verifyDepositRecord -->
        <test-method is-config="true" signature="tearDown()[pri:0, instance:com.qa.xyz.testcases.InvalidDepositTestCase@157853da]" started-at="2024-03-08T21:25:52Z" name="tearDown" finished-at="2024-03-08T21:25:52Z" duration-ms="237" status="PASS">
          <reporter-output>
          </reporter-output>
        </test-method> <!-- tearDown -->
      </class> <!-- com.qa.xyz.testcases.InvalidDepositTestCase -->
      <class name="com.qa.xyz.testcases.TransactionTestCase">
        <test-method is-config="true" signature="setUp()[pri:0, instance:com.qa.xyz.testcases.TransactionTestCase@343570b7]" started-at="2024-03-08T21:23:30Z" name="setUp" finished-at="2024-03-08T21:23:37Z" duration-ms="6853" status="PASS">
          <reporter-output>
          </reporter-output>
        </test-method> <!-- setUp -->
        <test-method signature="verifyTransactions()[pri:1, instance:com.qa.xyz.testcases.TransactionTestCase@343570b7]" started-at="2024-03-08T21:23:37Z" name="verifyTransactions" finished-at="2024-03-08T21:23:38Z" duration-ms="516" status="PASS">
          <reporter-output>
          </reporter-output>
        </test-method> <!-- verifyTransactions -->
        <test-method is-config="true" signature="tearDown()[pri:0, instance:com.qa.xyz.testcases.TransactionTestCase@343570b7]" started-at="2024-03-08T21:23:38Z" name="tearDown" finished-at="2024-03-08T21:23:38Z" duration-ms="186" status="PASS">
          <reporter-output>
          </reporter-output>
        </test-method> <!-- tearDown -->
        <test-method is-config="true" signature="setUp()[pri:0, instance:com.qa.xyz.testcases.TransactionTestCase@343570b7]" started-at="2024-03-08T21:25:27Z" name="setUp" finished-at="2024-03-08T21:25:34Z" duration-ms="7016" status="PASS">
          <reporter-output>
          </reporter-output>
        </test-method> <!-- setUp -->
        <test-method signature="verifyRecords()[pri:2, instance:com.qa.xyz.testcases.TransactionTestCase@343570b7]" started-at="2024-03-08T21:25:34Z" name="verifyRecords" finished-at="2024-03-08T21:25:35Z" duration-ms="555" status="PASS">
          <reporter-output>
          </reporter-output>
        </test-method> <!-- verifyRecords -->
        <test-method is-config="true" signature="tearDown()[pri:0, instance:com.qa.xyz.testcases.TransactionTestCase@343570b7]" started-at="2024-03-08T21:25:35Z" name="tearDown" finished-at="2024-03-08T21:25:35Z" duration-ms="215" status="PASS">
          <reporter-output>
          </reporter-output>
        </test-method> <!-- tearDown -->
      </class> <!-- com.qa.xyz.testcases.TransactionTestCase -->
      <class name="com.qa.xyz.testcases.ValidAddCustomerTestCase">
        <test-method is-config="true" signature="setUp()[pri:0, instance:com.qa.xyz.testcases.ValidAddCustomerTestCase@36b4fe2a]" started-at="2024-03-08T21:23:19Z" name="setUp" finished-at="2024-03-08T21:23:25Z" duration-ms="6268" status="PASS">
          <reporter-output>
          </reporter-output>
        </test-method> <!-- setUp -->
        <test-method signature="validateAddCustomer()[pri:1, instance:com.qa.xyz.testcases.ValidAddCustomerTestCase@36b4fe2a]" started-at="2024-03-08T21:23:25Z" name="validateAddCustomer" finished-at="2024-03-08T21:23:26Z" duration-ms="768" status="PASS">
          <reporter-output>
          </reporter-output>
        </test-method> <!-- validateAddCustomer -->
        <test-method is-config="true" signature="tearDown()[pri:0, instance:com.qa.xyz.testcases.ValidAddCustomerTestCase@36b4fe2a]" started-at="2024-03-08T21:23:26Z" name="tearDown" finished-at="2024-03-08T21:23:26Z" duration-ms="202" status="PASS">
          <reporter-output>
          </reporter-output>
        </test-method> <!-- tearDown -->
      </class> <!-- com.qa.xyz.testcases.ValidAddCustomerTestCase -->
      <class name="com.qa.xyz.testcases.HomePageTestCase">
        <test-method is-config="true" signature="setUp()[pri:0, instance:com.qa.xyz.testcases.HomePageTestCase@ba54932]" started-at="2024-03-08T21:23:26Z" name="setUp" finished-at="2024-03-08T21:23:30Z" duration-ms="4015" status="PASS">
          <reporter-output>
          </reporter-output>
        </test-method> <!-- setUp -->
        <test-method signature="verifyHomePageTitle()[pri:1, instance:com.qa.xyz.testcases.HomePageTestCase@ba54932]" started-at="2024-03-08T21:23:30Z" name="verifyHomePageTitle" finished-at="2024-03-08T21:23:30Z" duration-ms="11" status="PASS">
          <reporter-output>
          </reporter-output>
        </test-method> <!-- verifyHomePageTitle -->
        <test-method is-config="true" signature="tearDown()[pri:0, instance:com.qa.xyz.testcases.HomePageTestCase@ba54932]" started-at="2024-03-08T21:23:30Z" name="tearDown" finished-at="2024-03-08T21:23:30Z" duration-ms="143" status="PASS">
          <reporter-output>
          </reporter-output>
        </test-method> <!-- tearDown -->
        <test-method is-config="true" signature="setUp()[pri:0, instance:com.qa.xyz.testcases.HomePageTestCase@ba54932]" started-at="2024-03-08T21:25:22Z" name="setUp" finished-at="2024-03-08T21:25:26Z" duration-ms="3606" status="PASS">
          <reporter-output>
          </reporter-output>
        </test-method> <!-- setUp -->
        <test-method signature="verifyCustomerLoginTest()[pri:2, instance:com.qa.xyz.testcases.HomePageTestCase@ba54932]" started-at="2024-03-08T21:25:26Z" name="verifyCustomerLoginTest" finished-at="2024-03-08T21:25:27Z" duration-ms="1301" status="PASS">
          <reporter-output>
          </reporter-output>
        </test-method> <!-- verifyCustomerLoginTest -->
        <test-method is-config="true" signature="tearDown()[pri:0, instance:com.qa.xyz.testcases.HomePageTestCase@ba54932]" started-at="2024-03-08T21:25:27Z" name="tearDown" finished-at="2024-03-08T21:25:27Z" duration-ms="145" status="PASS">
          <reporter-output>
          </reporter-output>
        </test-method> <!-- tearDown -->
        <test-method is-config="true" signature="setUp()[pri:0, instance:com.qa.xyz.testcases.HomePageTestCase@ba54932]" started-at="2024-03-08T21:26:09Z" name="setUp" finished-at="2024-03-08T21:26:15Z" duration-ms="5859" status="PASS">
          <reporter-output>
          </reporter-output>
        </test-method> <!-- setUp -->
        <test-method signature="verifyBankManagerLoginTest()[pri:3, instance:com.qa.xyz.testcases.HomePageTestCase@ba54932]" started-at="2024-03-08T21:26:15Z" name="verifyBankManagerLoginTest" finished-at="2024-03-08T21:26:17Z" duration-ms="2278" status="PASS">
          <reporter-output>
          </reporter-output>
        </test-method> <!-- verifyBankManagerLoginTest -->
        <test-method is-config="true" signature="tearDown()[pri:0, instance:com.qa.xyz.testcases.HomePageTestCase@ba54932]" started-at="2024-03-08T21:26:17Z" name="tearDown" finished-at="2024-03-08T21:26:17Z" duration-ms="348" status="PASS">
          <reporter-output>
          </reporter-output>
        </test-method> <!-- tearDown -->
      </class> <!-- com.qa.xyz.testcases.HomePageTestCase -->
    </test> <!-- XYZ Bank Test -->
  </suite> <!-- XYZ Bank Test Suite -->
</testng-results>
